0 info it worked if it ends with ok
1 verbose cli [ '/Users/moheebzara/.nvm/versions/node/v5.5.0/bin/node',
1 verbose cli   '/Users/moheebzara/.nvm/versions/node/v5.5.0/bin/npm',
1 verbose cli   'start' ]
2 info using npm@3.3.12
3 info using node@v5.5.0
4 verbose run-script [ 'prestart', 'start', 'poststart' ]
5 info lifecycle asan-groundstation-js@1.0.2~prestart: asan-groundstation-js@1.0.2
6 silly lifecycle asan-groundstation-js@1.0.2~prestart: no script for prestart, continuing
7 info lifecycle asan-groundstation-js@1.0.2~start: asan-groundstation-js@1.0.2
8 verbose lifecycle asan-groundstation-js@1.0.2~start: unsafe-perm in lifecycle true
9 verbose lifecycle asan-groundstation-js@1.0.2~start: PATH: /Users/moheebzara/.nvm/versions/node/v5.5.0/lib/node_modules/npm/bin/node-gyp-bin:/Users/moheebzara/Projects/asan-projects/asan-groundstation-js/node_modules/.bin:/Users/moheebzara/.nvm/versions/node/v5.5.0/bin:/Users/moheebzara/.rbenv/shims:/Users/moheebzara/.rbenv/shims:/Users/moheebzara/.bin:/usr/local/bin:/usr/bin:/bin:/usr/sbin:/sbin:/usr/local/MacGPG2/bin:/usr/local/opt/go/libexec/bin:/Users/moheebzara/Projects/go/bin:/usr/local/opt/go/libexec/bin:/Users/moheebzara/Projects/go/bin
10 verbose lifecycle asan-groundstation-js@1.0.2~start: CWD: /Users/moheebzara/Projects/asan-projects/asan-groundstation-js
11 silly lifecycle asan-groundstation-js@1.0.2~start: Args: [ '-c', 'node index.js' ]
12 silly lifecycle asan-groundstation-js@1.0.2~start: Returned: code: 1  signal: null
13 info lifecycle asan-groundstation-js@1.0.2~start: Failed to exec start script
14 verbose stack Error: asan-groundstation-js@1.0.2 start: `node index.js`
14 verbose stack Exit status 1
14 verbose stack     at EventEmitter.<anonymous> (/Users/moheebzara/.nvm/versions/node/v5.5.0/lib/node_modules/npm/lib/utils/lifecycle.js:232:16)
14 verbose stack     at emitTwo (events.js:100:13)
14 verbose stack     at EventEmitter.emit (events.js:185:7)
14 verbose stack     at ChildProcess.<anonymous> (/Users/moheebzara/.nvm/versions/node/v5.5.0/lib/node_modules/npm/lib/utils/spawn.js:24:14)
14 verbose stack     at emitTwo (events.js:100:13)
14 verbose stack     at ChildProcess.emit (events.js:185:7)
14 verbose stack     at maybeClose (internal/child_process.js:821:16)
14 verbose stack     at Process.ChildProcess._handle.onexit (internal/child_process.js:211:5)
15 verbose pkgid asan-groundstation-js@1.0.2
16 verbose cwd /Users/moheebzara/Projects/asan-projects/asan-groundstation-js
17 error Darwin 16.0.0
18 error argv "/Users/moheebzara/.nvm/versions/node/v5.5.0/bin/node" "/Users/moheebzara/.nvm/versions/node/v5.5.0/bin/npm" "start"
19 error node v5.5.0
20 error npm  v3.3.12
21 error code ELIFECYCLE
22 error asan-groundstation-js@1.0.2 start: `node index.js`
22 error Exit status 1
23 error Failed at the asan-groundstation-js@1.0.2 start script 'node index.js'.
23 error Make sure you have the latest version of node.js and npm installed.
23 error If you do, this is most likely a problem with the asan-groundstation-js package,
23 error not with npm itself.
23 error Tell the author that this fails on your system:
23 error     node index.js
23 error You can get their info via:
23 error     npm owner ls asan-groundstation-js
23 error There is likely additional logging output above.
24 verbose exit [ 1, true ]
